This file contains any messages produced by compilers while
running configure, to aid debugging if configure makes a mistake.

It was created by configure, which was
generated by GNU Autoconf 2.69.  Invocation command line was

  $ ./configure CFLAGS=-m64 -Wno-deprecated-declarations CXXFLAGS=-m64 LDFLAGS=-m64 CPPFLAGS=-I/usr/local/include LIBS=-lpython3.11 --prefix=/usr --libdir=/usr/lib64 --with-python=/usr/local/bin/python3 --enable-shared --enable-static --enable-ipv6 --with-ftp --with-history --with-html --with-http --with-python-install-dir=/usr/local

## --------- ##
## Platform. ##
## --------- ##

hostname = localhost.localdomain
uname -m = x86_64
uname -r = 3.10.0-1160.el7.x86_64
uname -s = Linux
uname -v = #1 SMP Mon Oct 19 16:18:59 UTC 2020

/usr/bin/uname -p = x86_64
/bin/uname -X     = unknown

/bin/arch              = x86_64
/usr/bin/arch -k       = unknown
/usr/convex/getsysinfo = unknown
/usr/bin/hostinfo      = unknown
/bin/machine           = unknown
/usr/bin/oslevel       = unknown
/bin/universe          = unknown

PATH: /usr/lib64/ccache
PATH: /usr/local/sbin
PATH: /usr/local/bin
PATH: /sbin
PATH: /bin
PATH: /usr/sbin
PATH: /usr/bin
PATH: /root/bin


## ----------- ##
## Core tests. ##
## ----------- ##

configure:2507: checking whether to enable maintainer-specific portions of Makefiles
configure:2516: result: yes
configure:2563: checking build system type
configure:2577: result: x86_64-unknown-linux-gnu
configure:2597: checking host system type
configure:2610: result: x86_64-unknown-linux-gnu
configure:2690: checking for a BSD-compatible install
configure:2758: result: /bin/install -c
configure:2769: checking whether build environment is sane
configure:2824: result: yes
configure:2975: checking for a thread-safe mkdir -p
configure:3014: result: /bin/mkdir -p
configure:3021: checking for gawk
configure:3037: found /bin/gawk
configure:3048: result: gawk
configure:3059: checking whether make sets $(MAKE)
configure:3081: result: yes
configure:3110: checking whether make supports nested variables
configure:3127: result: yes
configure:3227: checking whether make supports nested variables
configure:3244: result: yes
configure:3304: checking for gcc
configure:3320: found /usr/lib64/ccache/gcc
configure:3331: result: gcc
configure:3560: checking for C compiler version
configure:3569: gcc --version >&5
gcc (GCC) 8.5.0 20210514 (Red Hat 8.5.0-17)
Copyright (C) 2018 Free Software Foundation, Inc.
This is free software; see the source for copying conditions.  There is NO
warranty; not even for MERCHANTABILITY or FITNESS FOR A PARTICULAR PURPOSE.

configure:3580: $? = 0
configure:3569: gcc -v >&5
Using built-in specs.
COLLECT_GCC=/bin/gcc
COLLECT_LTO_WRAPPER=/usr/libexec/gcc/x86_64-redhat-linux/8/lto-wrapper
OFFLOAD_TARGET_NAMES=nvptx-none
OFFLOAD_TARGET_DEFAULT=1
Target: x86_64-redhat-linux
Configured with: ../configure --enable-bootstrap --enable-languages=c,c++,fortran,lto --prefix=/usr --mandir=/usr/share/man --infodir=/usr/share/info --with-bugurl=http://bugzilla.redhat.com/bugzilla --enable-shared --enable-threads=posix --enable-checking=release --enable-multilib --with-system-zlib --enable-__cxa_atexit --disable-libunwind-exceptions --enable-gnu-unique-object --enable-linker-build-id --with-gcc-major-version-only --with-linker-hash-style=gnu --enable-plugin --enable-initfini-array --with-isl --disable-libmpx --enable-offload-targets=nvptx-none --without-cuda-driver --enable-gnu-indirect-function --enable-cet --with-tune=generic --with-arch_32=x86-64 --build=x86_64-redhat-linux
Thread model: posix
gcc version 8.5.0 20210514 (Red Hat 8.5.0-17) (GCC) 
configure:3580: $? = 0
configure:3569: gcc -V >&5
gcc: error: unrecognized command line option '-V'
gcc: fatal error: no input files
compilation terminated.
configure:3580: $? = 1
configure:3569: gcc -qversion >&5
gcc: error: unrecognized command line option '-qversion'; did you mean '--version'?
gcc: fatal error: no input files
compilation terminated.
configure:3580: $? = 1
configure:3600: checking whether the C compiler works
configure:3622: gcc -m64 -Wno-deprecated-declarations -I/usr/local/include -m64 conftest.c -lpython3.11 >&5
configure:3626: $? = 0
configure:3674: result: yes
configure:3677: checking for C compiler default output file name
configure:3679: result: a.out
configure:3685: checking for suffix of executables
configure:3692: gcc -o conftest -m64 -Wno-deprecated-declarations -I/usr/local/include -m64 conftest.c -lpython3.11 >&5
configure:3696: $? = 0
configure:3718: result: 
configure:3740: checking whether we are cross compiling
configure:3748: gcc -o conftest -m64 -Wno-deprecated-declarations -I/usr/local/include -m64 conftest.c -lpython3.11 >&5
configure:3752: $? = 0
configure:3759: ./conftest
configure:3763: $? = 0
configure:3778: result: no
configure:3783: checking for suffix of object files
configure:3805: gcc -c -m64 -Wno-deprecated-declarations -I/usr/local/include conftest.c >&5
configure:3809: $? = 0
configure:3830: result: o
configure:3834: checking whether we are using the GNU C compiler
configure:3853: gcc -c -m64 -Wno-deprecated-declarations -I/usr/local/include conftest.c >&5
configure:3853: $? = 0
configure:3862: result: yes
configure:3871: checking whether gcc accepts -g
configure:3891: gcc -c -g -I/usr/local/include conftest.c >&5
configure:3891: $? = 0
configure:3932: result: yes
configure:3949: checking for gcc option to accept ISO C89
configure:4012: gcc  -c -m64 -Wno-deprecated-declarations -I/usr/local/include conftest.c >&5
configure:4012: $? = 0
configure:4025: result: none needed
configure:4056: checking for style of include used by make
configure:4084: result: GNU
configure:4110: checking dependency style of gcc
configure:4221: result: gcc3
configure:4237: checking whether ln -s works
configure:4241: result: yes
configure:4254: checking how to run the C preprocessor
configure:4285: gcc -E -I/usr/local/include conftest.c
configure:4285: $? = 0
configure:4299: gcc -E -I/usr/local/include conftest.c
conftest.c:11:10: fatal error: ac_nonexistent.h: No such file or directory
 #include <ac_nonexistent.h>
          ^~~~~~~~~~~~~~~~~~
compilation terminated.
configure:4299: $? = 1
configure: failed program was:
| /* confdefs.h */
| #define PACKAGE_NAME ""
| #define PACKAGE_TARNAME ""
| #define PACKAGE_VERSION ""
| #define PACKAGE_STRING ""
| #define PACKAGE_BUGREPORT ""
| #define PACKAGE_URL ""
| #define PACKAGE "libxml2"
| #define VERSION "2.9.9"
| /* end confdefs.h.  */
| #include <ac_nonexistent.h>
configure:4324: result: gcc -E
configure:4344: gcc -E -I/usr/local/include conftest.c
configure:4344: $? = 0
configure:4358: gcc -E -I/usr/local/include conftest.c
conftest.c:11:10: fatal error: ac_nonexistent.h: No such file or directory
 #include <ac_nonexistent.h>
          ^~~~~~~~~~~~~~~~~~
compilation terminated.
configure:4358: $? = 1
configure: failed program was:
| /* confdefs.h */
| #define PACKAGE_NAME ""
| #define PACKAGE_TARNAME ""
| #define PACKAGE_VERSION ""
| #define PACKAGE_STRING ""
| #define PACKAGE_BUGREPORT ""
| #define PACKAGE_URL ""
| #define PACKAGE "libxml2"
| #define VERSION "2.9.9"
| /* end confdefs.h.  */
| #include <ac_nonexistent.h>
configure:4388: checking for mv
configure:4406: found /bin/mv
configure:4419: result: /bin/mv
configure:4429: checking for tar
configure:4447: found /bin/tar
configure:4460: result: /bin/tar
configure:4470: checking for perl
configure:4488: found /bin/perl
configure:4501: result: /bin/perl
configure:4511: checking for wget
configure:4529: found /bin/wget
configure:4542: result: /bin/wget
configure:4552: checking for xmllint
configure:4570: found /bin/xmllint
configure:4583: result: /bin/xmllint
configure:4593: checking for xsltproc
configure:4611: found /bin/xsltproc
configure:4624: result: /bin/xsltproc
configure:4686: checking for pkg-config
configure:4704: found /bin/pkg-config
configure:4716: result: /bin/pkg-config
configure:4741: checking pkg-config is at least version 0.9.0
configure:4744: result: yes
configure:4799: checking how to print strings
configure:4826: result: printf
configure:4847: checking for a sed that does not truncate output
configure:4911: result: /bin/sed
configure:4929: checking for grep that handles long lines and -e
configure:4987: result: /bin/grep
configure:4992: checking for egrep
configure:5054: result: /bin/grep -E
configure:5059: checking for fgrep
configure:5121: result: /bin/grep -F
configure:5156: checking for ld used by gcc
configure:5223: result: /bin/ld
configure:5230: checking if the linker (/bin/ld) is GNU ld
configure:5245: result: yes
configure:5257: checking for BSD- or MS-compatible name lister (nm)
configure:5311: result: /bin/nm -B
configure:5441: checking the name lister (/bin/nm -B) interface
configure:5448: gcc -c -m64 -Wno-deprecated-declarations -I/usr/local/include conftest.c >&5
configure:5451: /bin/nm -B "conftest.o"
configure:5454: output
0000000000000000 B some_variable
configure:5461: result: BSD nm
configure:5465: checking the maximum length of command line arguments
configure:5596: result: 1572864
configure:5644: checking how to convert x86_64-unknown-linux-gnu file names to x86_64-unknown-linux-gnu format
configure:5684: result: func_convert_file_noop
configure:5691: checking how to convert x86_64-unknown-linux-gnu file names to toolchain format
configure:5711: result: func_convert_file_noop
configure:5718: checking for /bin/ld option to reload object files
configure:5725: result: -r
configure:5799: checking for objdump
configure:5815: found /bin/objdump
configure:5826: result: objdump
configure:5858: checking how to recognize dependent libraries
configure:6058: result: pass_all
configure:6143: checking for dlltool
configure:6173: result: no
configure:6203: checking how to associate runtime and link libraries
configure:6230: result: printf %s\n
configure:6291: checking for ar
configure:6307: found /bin/ar
configure:6318: result: ar
configure:6355: checking for archiver @FILE support
configure:6372: gcc -c -m64 -Wno-deprecated-declarations -I/usr/local/include conftest.c >&5
configure:6372: $? = 0
configure:6375: ar cru libconftest.a @conftest.lst >&5
configure:6378: $? = 0
configure:6383: ar cru libconftest.a @conftest.lst >&5
ar: conftest.o: No such file or directory
configure:6386: $? = 1
configure:6398: result: @
configure:6456: checking for strip
configure:6472: found /bin/strip
configure:6483: result: strip
configure:6555: checking for ranlib
configure:6571: found /bin/ranlib
configure:6582: result: ranlib
configure:6684: checking command to parse /bin/nm -B output from gcc object
configure:6837: gcc -c -m64 -Wno-deprecated-declarations -I/usr/local/include conftest.c >&5
configure:6840: $? = 0
configure:6844: /bin/nm -B conftest.o \| sed -n -e 's/^.*[ ]\([ABCDGIRSTW][ABCDGIRSTW]*\)[ ][ ]*\([_A-Za-z][_A-Za-z0-9]*\)$/\1 \2 \2/p' | sed '/ __gnu_lto/d' \> conftest.nm
configure:6847: $? = 0
configure:6913: gcc -o conftest -m64 -Wno-deprecated-declarations -I/usr/local/include -m64 conftest.c conftstm.o >&5
configure:6916: $? = 0
configure:6954: result: ok
configure:7001: checking for sysroot
configure:7031: result: no
configure:7038: checking for a working dd
configure:7076: result: /bin/dd
configure:7080: checking how to truncate binary pipes
configure:7095: result: /bin/dd bs=4096 count=1
configure:7231: gcc -c -m64 -Wno-deprecated-declarations -I/usr/local/include conftest.c >&5
configure:7234: $? = 0
configure:7424: checking for mt
configure:7454: result: no
configure:7474: checking if : is a manifest tool
configure:7480: : '-?'
configure:7488: result: no
configure:8161: checking for ANSI C header files
configure:8181: gcc -c -m64 -Wno-deprecated-declarations -I/usr/local/include conftest.c >&5
configure:8181: $? = 0
configure:8254: gcc -o conftest -m64 -Wno-deprecated-declarations -I/usr/local/include -m64 conftest.c -lpython3.11 >&5
configure:8254: $? = 0
configure:8254: ./conftest
configure:8254: $? = 0
configure:8265: result: yes
configure:8278: checking for sys/types.h
configure:8278: gcc -c -m64 -Wno-deprecated-declarations -I/usr/local/include conftest.c >&5
configure:8278: $? = 0
configure:8278: result: yes
configure:8278: checking for sys/stat.h
configure:8278: gcc -c -m64 -Wno-deprecated-declarations -I/usr/local/include conftest.c >&5
configure:8278: $? = 0
configure:8278: result: yes
configure:8278: checking for stdlib.h
configure:8278: gcc -c -m64 -Wno-deprecated-declarations -I/usr/local/include conftest.c >&5
configure:8278: $? = 0
configure:8278: result: yes
configure:8278: checking for string.h
configure:8278: gcc -c -m64 -Wno-deprecated-declarations -I/usr/local/include conftest.c >&5
configure:8278: $? = 0
configure:8278: result: yes
configure:8278: checking for memory.h
configure:8278: gcc -c -m64 -Wno-deprecated-declarations -I/usr/local/include conftest.c >&5
configure:8278: $? = 0
configure:8278: result: yes
configure:8278: checking for strings.h
configure:8278: gcc -c -m64 -Wno-deprecated-declarations -I/usr/local/include conftest.c >&5
configure:8278: $? = 0
configure:8278: result: yes
configure:8278: checking for inttypes.h
configure:8278: gcc -c -m64 -Wno-deprecated-declarations -I/usr/local/include conftest.c >&5
configure:8278: $? = 0
configure:8278: result: yes
configure:8278: checking for stdint.h
configure:8278: gcc -c -m64 -Wno-deprecated-declarations -I/usr/local/include conftest.c >&5
configure:8278: $? = 0
configure:8278: result: yes
configure:8278: checking for unistd.h
configure:8278: gcc -c -m64 -Wno-deprecated-declarations -I/usr/local/include conftest.c >&5
configure:8278: $? = 0
configure:8278: result: yes
configure:8292: checking for dlfcn.h
configure:8292: gcc -c -m64 -Wno-deprecated-declarations -I/usr/local/include conftest.c >&5
configure:8292: $? = 0
configure:8292: result: yes
configure:8548: checking for objdir
configure:8563: result: .libs
configure:8827: checking if gcc supports -fno-rtti -fno-exceptions
configure:8845: gcc -c -m64 -Wno-deprecated-declarations -I/usr/local/include -fno-rtti -fno-exceptions conftest.c >&5
cc1: warning: command line option '-fno-rtti' is valid for C++/ObjC++ but not for C
configure:8849: $? = 0
configure:8862: result: no
configure:9220: checking for gcc option to produce PIC
configure:9227: result: -fPIC -DPIC
configure:9235: checking if gcc PIC flag -fPIC -DPIC works
configure:9253: gcc -c -m64 -Wno-deprecated-declarations -I/usr/local/include -fPIC -DPIC -DPIC conftest.c >&5
configure:9257: $? = 0
configure:9270: result: yes
configure:9299: checking if gcc static flag -static works
configure:9327: result: no
configure:9342: checking if gcc supports -c -o file.o
configure:9363: gcc -c -m64 -Wno-deprecated-declarations -I/usr/local/include -o out/conftest2.o conftest.c >&5
configure:9367: $? = 0
configure:9389: result: yes
configure:9397: checking if gcc supports -c -o file.o
configure:9444: result: yes
configure:9477: checking whether the gcc linker (/bin/ld -m elf_x86_64) supports shared libraries
configure:10736: result: yes
configure:10773: checking whether -lc should be explicitly linked in
configure:10781: gcc -c -m64 -Wno-deprecated-declarations -I/usr/local/include conftest.c >&5
configure:10784: $? = 0
configure:10799: gcc -shared  -fPIC -DPIC conftest.o  -v -Wl,-soname -Wl,conftest -o conftest 2\>\&1 \| /bin/grep  -lc  \>/dev/null 2\>\&1
configure:10802: $? = 0
configure:10816: result: no
configure:10976: checking dynamic linker characteristics
configure:11557: gcc -o conftest -m64 -Wno-deprecated-declarations -I/usr/local/include -m64 -Wl,-rpath -Wl,/foo conftest.c -lpython3.11 >&5
configure:11557: $? = 0
configure:11797: result: GNU/Linux ld.so
configure:11919: checking how to hardcode library paths into programs
configure:11944: result: immediate
configure:12492: checking whether stripping libraries is possible
configure:12497: result: yes
configure:12532: checking if libtool supports shared libraries
configure:12534: result: yes
configure:12537: checking whether to build shared libraries
configure:12562: result: yes
configure:12565: checking whether to build static libraries
configure:12569: result: yes
configure:13091: checking for Z
configure:13098: $PKG_CONFIG --exists --print-errors "zlib"
configure:13101: $? = 0
configure:13115: $PKG_CONFIG --exists --print-errors "zlib"
configure:13118: $? = 0
configure:13156: result: yes
configure:13246: checking for LZMA
configure:13253: $PKG_CONFIG --exists --print-errors "liblzma"
configure:13256: $? = 0
configure:13270: $PKG_CONFIG --exists --print-errors "liblzma"
configure:13273: $? = 0
configure:13311: result: yes
configure:13395: checking for dirent.h that defines DIR
configure:13414: gcc -c -m64 -Wno-deprecated-declarations -I/usr/local/include conftest.c >&5
configure:13414: $? = 0
configure:13422: result: yes
configure:13435: checking for library containing opendir
configure:13466: gcc -o conftest -m64 -Wno-deprecated-declarations -I/usr/local/include -m64 conftest.c -lpython3.11 >&5
configure:13466: $? = 0
configure:13483: result: none required
configure:13550: checking for ANSI C header files
configure:13654: result: yes
configure:13664: checking fcntl.h usability
configure:13664: gcc -c -m64 -Wno-deprecated-declarations -I/usr/local/include conftest.c >&5
configure:13664: $? = 0
configure:13664: result: yes
configure:13664: checking fcntl.h presence
configure:13664: gcc -E -I/usr/local/include conftest.c
configure:13664: $? = 0
configure:13664: result: yes
configure:13664: checking for fcntl.h
configure:13664: result: yes
configure:13676: checking for unistd.h
configure:13676: result: yes
configure:13688: checking ctype.h usability
configure:13688: gcc -c -m64 -Wno-deprecated-declarations -I/usr/local/include conftest.c >&5
configure:13688: $? = 0
configure:13688: result: yes
configure:13688: checking ctype.h presence
configure:13688: gcc -E -I/usr/local/include conftest.c
configure:13688: $? = 0
configure:13688: result: yes
configure:13688: checking for ctype.h
configure:13688: result: yes
configure:13700: checking dirent.h usability
configure:13700: gcc -c -m64 -Wno-deprecated-declarations -I/usr/local/include conftest.c >&5
configure:13700: $? = 0
configure:13700: result: yes
configure:13700: checking dirent.h presence
configure:13700: gcc -E -I/usr/local/include conftest.c
configure:13700: $? = 0
configure:13700: result: yes
configure:13700: checking for dirent.h
configure:13700: result: yes
configure:13712: checking errno.h usability
configure:13712: gcc -c -m64 -Wno-deprecated-declarations -I/usr/local/include conftest.c >&5
configure:13712: $? = 0
configure:13712: result: yes
configure:13712: checking errno.h presence
configure:13712: gcc -E -I/usr/local/include conftest.c
configure:13712: $? = 0
configure:13712: result: yes
configure:13712: checking for errno.h
configure:13712: result: yes
configure:13724: checking malloc.h usability
configure:13724: gcc -c -m64 -Wno-deprecated-declarations -I/usr/local/include conftest.c >&5
configure:13724: $? = 0
configure:13724: result: yes
configure:13724: checking malloc.h presence
configure:13724: gcc -E -I/usr/local/include conftest.c
configure:13724: $? = 0
configure:13724: result: yes
configure:13724: checking for malloc.h
configure:13724: result: yes
configure:13736: checking stdarg.h usability
configure:13736: gcc -c -m64 -Wno-deprecated-declarations -I/usr/local/include conftest.c >&5
configure:13736: $? = 0
configure:13736: result: yes
configure:13736: checking stdarg.h presence
configure:13736: gcc -E -I/usr/local/include conftest.c
configure:13736: $? = 0
configure:13736: result: yes
configure:13736: checking for stdarg.h
configure:13736: result: yes
configure:13748: checking for sys/stat.h
configure:13748: result: yes
configure:13760: checking for sys/types.h
configure:13760: result: yes
configure:13772: checking for stdint.h
configure:13772: result: yes
configure:13784: checking for inttypes.h
configure:13784: result: yes
configure:13796: checking time.h usability
configure:13796: gcc -c -m64 -Wno-deprecated-declarations -I/usr/local/include conftest.c >&5
configure:13796: $? = 0
configure:13796: result: yes
configure:13796: checking time.h presence
configure:13796: gcc -E -I/usr/local/include conftest.c
configure:13796: $? = 0
configure:13796: result: yes
configure:13796: checking for time.h
configure:13796: result: yes
configure:13808: checking math.h usability
configure:13808: gcc -c -m64 -Wno-deprecated-declarations -I/usr/local/include conftest.c >&5
configure:13808: $? = 0
configure:13808: result: yes
configure:13808: checking math.h presence
configure:13808: gcc -E -I/usr/local/include conftest.c
configure:13808: $? = 0
configure:13808: result: yes
configure:13808: checking for math.h
configure:13808: result: yes
configure:13820: checking limits.h usability
configure:13820: gcc -c -m64 -Wno-deprecated-declarations -I/usr/local/include conftest.c >&5
configure:13820: $? = 0
configure:13820: result: yes
configure:13820: checking limits.h presence
configure:13820: gcc -E -I/usr/local/include conftest.c
configure:13820: $? = 0
configure:13820: result: yes
configure:13820: checking for limits.h
configure:13820: result: yes
configure:13832: checking float.h usability
configure:13832: gcc -c -m64 -Wno-deprecated-declarations -I/usr/local/include conftest.c >&5
configure:13832: $? = 0
configure:13832: result: yes
configure:13832: checking float.h presence
configure:13832: gcc -E -I/usr/local/include conftest.c
configure:13832: $? = 0
configure:13832: result: yes
configure:13832: checking for float.h
configure:13832: result: yes
configure:13844: checking for stdlib.h
configure:13844: result: yes
configure:13856: checking for sys/socket.h
configure:13856: gcc -c -m64 -Wno-deprecated-declarations -I/usr/local/include conftest.c >&5
configure:13856: $? = 0
configure:13856: result: yes
configure:13872: checking for netinet/in.h
configure:13872: gcc -c -m64 -Wno-deprecated-declarations -I/usr/local/include conftest.c >&5
configure:13872: $? = 0
configure:13872: result: yes
configure:13888: checking for arpa/inet.h
configure:13888: gcc -c -m64 -Wno-deprecated-declarations -I/usr/local/include conftest.c >&5
configure:13888: $? = 0
configure:13888: result: yes
configure:13907: checking netdb.h usability
configure:13907: gcc -c -m64 -Wno-deprecated-declarations -I/usr/local/include conftest.c >&5
configure:13907: $? = 0
configure:13907: result: yes
configure:13907: checking netdb.h presence
configure:13907: gcc -E -I/usr/local/include conftest.c
configure:13907: $? = 0
configure:13907: result: yes
configure:13907: checking for netdb.h
configure:13907: result: yes
configure:13919: checking sys/time.h usability
configure:13919: gcc -c -m64 -Wno-deprecated-declarations -I/usr/local/include conftest.c >&5
configure:13919: $? = 0
configure:13919: result: yes
configure:13919: checking sys/time.h presence
configure:13919: gcc -E -I/usr/local/include conftest.c
configure:13919: $? = 0
configure:13919: result: yes
configure:13919: checking for sys/time.h
configure:13919: result: yes
configure:13931: checking sys/select.h usability
configure:13931: gcc -c -m64 -Wno-deprecated-declarations -I/usr/local/include conftest.c >&5
configure:13931: $? = 0
configure:13931: result: yes
configure:13931: checking sys/select.h presence
configure:13931: gcc -E -I/usr/local/include conftest.c
configure:13931: $? = 0
configure:13931: result: yes
configure:13931: checking for sys/select.h
configure:13931: result: yes
configure:13943: checking poll.h usability
configure:13943: gcc -c -m64 -Wno-deprecated-declarations -I/usr/local/include conftest.c >&5
configure:13943: $? = 0
configure:13943: result: yes
configure:13943: checking poll.h presence
configure:13943: gcc -E -I/usr/local/include conftest.c
configure:13943: $? = 0
configure:13943: result: yes
configure:13943: checking for poll.h
configure:13943: result: yes
configure:13955: checking sys/mman.h usability
configure:13955: gcc -c -m64 -Wno-deprecated-declarations -I/usr/local/include conftest.c >&5
configure:13955: $? = 0
configure:13955: result: yes
configure:13955: checking sys/mman.h presence
configure:13955: gcc -E -I/usr/local/include conftest.c
configure:13955: $? = 0
configure:13955: result: yes
configure:13955: checking for sys/mman.h
configure:13955: result: yes
configure:13967: checking sys/timeb.h usability
configure:13967: gcc -c -m64 -Wno-deprecated-declarations -I/usr/local/include conftest.c >&5
configure:13967: $? = 0
configure:13967: result: yes
configure:13967: checking sys/timeb.h presence
configure:13967: gcc -E -I/usr/local/include conftest.c
configure:13967: $? = 0
configure:13967: result: yes
configure:13967: checking for sys/timeb.h
configure:13967: result: yes
configure:13979: checking signal.h usability
configure:13979: gcc -c -m64 -Wno-deprecated-declarations -I/usr/local/include conftest.c >&5
configure:13979: $? = 0
configure:13979: result: yes
configure:13979: checking signal.h presence
configure:13979: gcc -E -I/usr/local/include conftest.c
configure:13979: $? = 0
configure:13979: result: yes
configure:13979: checking for signal.h
configure:13979: result: yes
configure:13991: checking for arpa/nameser.h
configure:13991: gcc -c -m64 -Wno-deprecated-declarations -I/usr/local/include conftest.c >&5
configure:13991: $? = 0
configure:13991: result: yes
configure:14007: checking for resolv.h
configure:14007: gcc -c -m64 -Wno-deprecated-declarations -I/usr/local/include conftest.c >&5
configure:14007: $? = 0
configure:14007: result: yes
configure:14029: checking dl.h usability
configure:14029: gcc -c -m64 -Wno-deprecated-declarations -I/usr/local/include conftest.c >&5
conftest.c:86:10: fatal error: dl.h: No such file or directory
 #include <dl.h>
          ^~~~~~
compilation terminated.
configure:14029: $? = 1
configure: failed program was:
| /* confdefs.h */
| #define PACKAGE_NAME ""
| #define PACKAGE_TARNAME ""
| #define PACKAGE_VERSION ""
| #define PACKAGE_STRING ""
| #define PACKAGE_BUGREPORT ""
| #define PACKAGE_URL ""
| #define PACKAGE "libxml2"
| #define VERSION "2.9.9"
| #define STDC_HEADERS 1
| #define HAVE_SYS_TYPES_H 1
| #define HAVE_SYS_STAT_H 1
| #define HAVE_STDLIB_H 1
| #define HAVE_STRING_H 1
| #define HAVE_MEMORY_H 1
| #define HAVE_STRINGS_H 1
| #define HAVE_INTTYPES_H 1
| #define HAVE_STDINT_H 1
| #define HAVE_UNISTD_H 1
| #define HAVE_DLFCN_H 1
| #define LT_OBJDIR ".libs/"
| #define HAVE_DIRENT_H 1
| #define STDC_HEADERS 1
| #define HAVE_FCNTL_H 1
| #define HAVE_UNISTD_H 1
| #define HAVE_CTYPE_H 1
| #define HAVE_DIRENT_H 1
| #define HAVE_ERRNO_H 1
| #define HAVE_MALLOC_H 1
| #define HAVE_STDARG_H 1
| #define HAVE_SYS_STAT_H 1
| #define HAVE_SYS_TYPES_H 1
| #define HAVE_STDINT_H 1
| #define HAVE_INTTYPES_H 1
| #define HAVE_TIME_H 1
| #define HAVE_MATH_H 1
| #define HAVE_LIMITS_H 1
| #define HAVE_FLOAT_H 1
| #define HAVE_STDLIB_H 1
| #define HAVE_SYS_SOCKET_H 1
| #define HAVE_NETINET_IN_H 1
| #define HAVE_ARPA_INET_H 1
| #define HAVE_NETDB_H 1
| #define HAVE_SYS_TIME_H 1
| #define HAVE_SYS_SELECT_H 1
| #define HAVE_POLL_H 1
| #define HAVE_SYS_MMAN_H 1
| #define HAVE_SYS_TIMEB_H 1
| #define HAVE_SIGNAL_H 1
| #define HAVE_ARPA_NAMESER_H 1
| #define HAVE_RESOLV_H 1
| /* end confdefs.h.  */
| #include <stdio.h>
| #ifdef HAVE_SYS_TYPES_H
| # include <sys/types.h>
| #endif
| #ifdef HAVE_SYS_STAT_H
| # include <sys/stat.h>
| #endif
| #ifdef STDC_HEADERS
| # include <stdlib.h>
| # include <stddef.h>
| #else
| # ifdef HAVE_STDLIB_H
| #  include <stdlib.h>
| # endif
| #endif
| #ifdef HAVE_STRING_H
| # if !defined STDC_HEADERS && defined HAVE_MEMORY_H
| #  include <memory.h>
| # endif
| # include <string.h>
| #endif
| #ifdef HAVE_STRINGS_H
| # include <strings.h>
| #endif
| #ifdef HAVE_INTTYPES_H
| # include <inttypes.h>
| #endif
| #ifdef HAVE_STDINT_H
| # include <stdint.h>
| #endif
| #ifdef HAVE_UNISTD_H
| # include <unistd.h>
| #endif
| #include <dl.h>
configure:14029: result: no
configure:14029: checking dl.h presence
configure:14029: gcc -E -I/usr/local/include conftest.c
conftest.c:53:10: fatal error: dl.h: No such file or directory
 #include <dl.h>
          ^~~~~~
compilation terminated.
configure:14029: $? = 1
configure: failed program was:
| /* confdefs.h */
| #define PACKAGE_NAME ""
| #define PACKAGE_TARNAME ""
| #define PACKAGE_VERSION ""
| #define PACKAGE_STRING ""
| #define PACKAGE_BUGREPORT ""
| #define PACKAGE_URL ""
| #define PACKAGE "libxml2"
| #define VERSION "2.9.9"
| #define STDC_HEADERS 1
| #define HAVE_SYS_TYPES_H 1
| #define HAVE_SYS_STAT_H 1
| #define HAVE_STDLIB_H 1
| #define HAVE_STRING_H 1
| #define HAVE_MEMORY_H 1
| #define HAVE_STRINGS_H 1
| #define HAVE_INTTYPES_H 1
| #define HAVE_STDINT_H 1
| #define HAVE_UNISTD_H 1
| #define HAVE_DLFCN_H 1
| #define LT_OBJDIR ".libs/"
| #define HAVE_DIRENT_H 1
| #define STDC_HEADERS 1
| #define HAVE_FCNTL_H 1
| #define HAVE_UNISTD_H 1
| #define HAVE_CTYPE_H 1
| #define HAVE_DIRENT_H 1
| #define HAVE_ERRNO_H 1
| #define HAVE_MALLOC_H 1
| #define HAVE_STDARG_H 1
| #define HAVE_SYS_STAT_H 1
| #define HAVE_SYS_TYPES_H 1
| #define HAVE_STDINT_H 1
| #define HAVE_INTTYPES_H 1
| #define HAVE_TIME_H 1
| #define HAVE_MATH_H 1
| #define HAVE_LIMITS_H 1
| #define HAVE_FLOAT_H 1
| #define HAVE_STDLIB_H 1
| #define HAVE_SYS_SOCKET_H 1
| #define HAVE_NETINET_IN_H 1
| #define HAVE_ARPA_INET_H 1
| #define HAVE_NETDB_H 1
| #define HAVE_SYS_TIME_H 1
| #define HAVE_SYS_SELECT_H 1
| #define HAVE_POLL_H 1
| #define HAVE_SYS_MMAN_H 1
| #define HAVE_SYS_TIMEB_H 1
| #define HAVE_SIGNAL_H 1
| #define HAVE_ARPA_NAMESER_H 1
| #define HAVE_RESOLV_H 1
| /* end confdefs.h.  */
| #include <dl.h>
configure:14029: result: no
configure:14029: checking for dl.h
configure:14029: result: no
configure:14041: checking for dlfcn.h
configure:14041: result: yes
configure:14055: checking for uint32_t
configure:14055: gcc -c -m64 -Wno-deprecated-declarations -I/usr/local/include conftest.c >&5
configure:14055: $? = 0
configure:14055: result: yes
configure:14075: checking for strftime
configure:14075: gcc -o conftest -m64 -Wno-deprecated-declarations -I/usr/local/include -m64 conftest.c -lpython3.11 >&5
conftest.c:77:6: warning: conflicting types for built-in function 'strftime' [-Wbuiltin-declaration-mismatch]
 char strftime ();
      ^~~~~~~~
configure:14075: $? = 0
configure:14075: result: yes
configure:14131: checking for strftime
configure:14131: result: yes
configure:14131: checking for localtime
configure:14131: gcc -o conftest -m64 -Wno-deprecated-declarations -I/usr/local/include -m64 conftest.c -lpython3.11 >&5
configure:14131: $? = 0
configure:14131: result: yes
configure:14131: checking for gettimeofday
configure:14131: gcc -o conftest -m64 -Wno-deprecated-declarations -I/usr/local/include -m64 conftest.c -lpython3.11 >&5
configure:14131: $? = 0
configure:14131: result: yes
configure:14131: checking for ftime
configure:14131: gcc -o conftest -m64 -Wno-deprecated-declarations -I/usr/local/include -m64 conftest.c -lpython3.11 >&5
configure:14131: $? = 0
configure:14131: result: yes
configure:14143: checking for stat
configure:14143: gcc -o conftest -m64 -Wno-deprecated-declarations -I/usr/local/include -m64 conftest.c -lpython3.11 >&5
configure:14143: $? = 0
configure:14143: result: yes
configure:14143: checking for signal
configure:14143: gcc -o conftest -m64 -Wno-deprecated-declarations -I/usr/local/include -m64 conftest.c -lpython3.11 >&5
configure:14143: $? = 0
configure:14143: result: yes
configure:14155: checking for rand
configure:14155: gcc -o conftest -m64 -Wno-deprecated-declarations -I/usr/local/include -m64 conftest.c -lpython3.11 >&5
configure:14155: $? = 0
configure:14155: result: yes
configure:14155: checking for rand_r
configure:14155: gcc -o conftest -m64 -Wno-deprecated-declarations -I/usr/local/include -m64 conftest.c -lpython3.11 >&5
configure:14155: $? = 0
configure:14155: result: yes
configure:14155: checking for srand
configure:14155: gcc -o conftest -m64 -Wno-deprecated-declarations -I/usr/local/include -m64 conftest.c -lpython3.11 >&5
configure:14155: $? = 0
configure:14155: result: yes
configure:14155: checking for time
configure:14155: gcc -o conftest -m64 -Wno-deprecated-declarations -I/usr/local/include -m64 conftest.c -lpython3.11 >&5
configure:14155: $? = 0
configure:14155: result: yes
configure:14167: checking for isascii
configure:14167: gcc -o conftest -m64 -Wno-deprecated-declarations -I/usr/local/include -m64 conftest.c -lpython3.11 >&5
conftest.c:88:6: warning: conflicting types for built-in function 'isascii' [-Wbuiltin-declaration-mismatch]
 char isascii ();
      ^~~~~~~
configure:14167: $? = 0
configure:14167: result: yes
configure:14167: checking for mmap
configure:14167: gcc -o conftest -m64 -Wno-deprecated-declarations -I/usr/local/include -m64 conftest.c -lpython3.11 >&5
configure:14167: $? = 0
configure:14167: result: yes
configure:14167: checking for munmap
configure:14167: gcc -o conftest -m64 -Wno-deprecated-declarations -I/usr/local/include -m64 conftest.c -lpython3.11 >&5
configure:14167: $? = 0
configure:14167: result: yes
configure:14167: checking for putenv
configure:14167: gcc -o conftest -m64 -Wno-deprecated-declarations -I/usr/local/include -m64 conftest.c -lpython3.11 >&5
configure:14167: $? = 0
configure:14167: result: yes
configure:14179: checking for va_copy
configure:14193: gcc -o conftest -m64 -Wno-deprecated-declarations -I/usr/local/include -m64 conftest.c -lpython3.11 >&5
configure:14193: $? = 0
configure:14200: result: yes
configure:14237: checking whether va_list is an array type
configure:14250: gcc -c -m64 -Wno-deprecated-declarations -I/usr/local/include conftest.c >&5
configure: In function 'main':
configure:14246:34: error: cast specifies array type
 
                                  ^
configure: failed program was:
#line 14240 "configure"
#include "confdefs.h"

#include <stdarg.h>
void a(va_list * ap) {}
int main(void) {

va_list ap1, ap2; a(&ap1); ap2 = (va_list) ap1
; return 0; }
configure:14260: result: yes
configure:14268: checking for library containing gethostent
configure:14299: gcc -o conftest -m64 -Wno-deprecated-declarations -I/usr/local/include -m64 conftest.c -lpython3.11 >&5
configure:14299: $? = 0
configure:14316: result: none required
configure:14324: checking for library containing setsockopt
configure:14355: gcc -o conftest -m64 -Wno-deprecated-declarations -I/usr/local/include -m64 conftest.c -lpython3.11 >&5
configure:14355: $? = 0
configure:14372: result: none required
configure:14380: checking for library containing connect
configure:14411: gcc -o conftest -m64 -Wno-deprecated-declarations -I/usr/local/include -m64 conftest.c -lpython3.11 >&5
configure:14411: $? = 0
configure:14428: result: none required
configure:14437: checking for type of socket length (socklen_t)
configure:14451: gcc -c -m64 -Wno-deprecated-declarations -I/usr/local/include conftest.c >&5
configure:14454: result: socklen_t *
configure:14523: checking for const gethostbyname() argument
configure:14536: gcc -o conftest -m64 -Wno-deprecated-declarations -I/usr/local/include -m64 conftest.c -lpython3.11 >&5
configure:14536: $? = 0
configure:14543: result: yes
configure:14555: checking for const send() second argument
configure:14569: gcc -o conftest -m64 -Wno-deprecated-declarations -I/usr/local/include -m64 conftest.c -lpython3.11 >&5
configure:14569: $? = 0
configure:14576: result: yes
configure:14589: checking whether to enable IPv6
configure:14621: gcc -c -m64 -Wno-deprecated-declarations -I/usr/local/include conftest.c >&5
configure:14621: $? = 0
configure:14628: result: yes
configure:14637: checking struct sockaddr::ss_family
configure:14656: gcc -c -m64 -Wno-deprecated-declarations -I/usr/local/include conftest.c >&5
configure:14656: $? = 0
configure:14663: result: yes
configure:14708: checking for getaddrinfo
configure:14708: gcc -o conftest -m64 -Wno-deprecated-declarations -I/usr/local/include -m64 conftest.c -lpython3.11 >&5
configure:14708: $? = 0
configure:14708: result: yes
configure:14769: checking for isnan
configure:14769: gcc -o conftest -m64 -Wno-deprecated-declarations -I/usr/local/include -m64 conftest.c -lpython3.11 >&5
conftest.c:99:6: warning: conflicting types for built-in function 'isnan' [-Wbuiltin-declaration-mismatch]
 char isnan ();
      ^~~~~
configure:14769: $? = 0
configure:14769: result: yes
configure:14820: checking for isinf
configure:14820: gcc -o conftest -m64 -Wno-deprecated-declarations -I/usr/local/include -m64 conftest.c -lpython3.11 >&5
conftest.c:100:6: warning: conflicting types for built-in function 'isinf' [-Wbuiltin-declaration-mismatch]
 char isinf ();
      ^~~~~
configure:14820: $? = 0
configure:14820: result: yes
configure:15137: checking for shl_load
configure:15137: gcc -o conftest -m64 -Wno-deprecated-declarations -I/usr/local/include -m64 conftest.c -lpython3.11 >&5
/tmp/ccymQaJq.o: In function `main':
conftest.c:(.text+0xa): undefined reference to `shl_load'
collect2: error: ld returned 1 exit status
configure:15137: $? = 1
configure: failed program was:
| /* confdefs.h */
| #define PACKAGE_NAME ""
| #define PACKAGE_TARNAME ""
| #define PACKAGE_VERSION ""
| #define PACKAGE_STRING ""
| #define PACKAGE_BUGREPORT ""
| #define PACKAGE_URL ""
| #define PACKAGE "libxml2"
| #define VERSION "2.9.9"
| #define STDC_HEADERS 1
| #define HAVE_SYS_TYPES_H 1
| #define HAVE_SYS_STAT_H 1
| #define HAVE_STDLIB_H 1
| #define HAVE_STRING_H 1
| #define HAVE_MEMORY_H 1
| #define HAVE_STRINGS_H 1
| #define HAVE_INTTYPES_H 1
| #define HAVE_STDINT_H 1
| #define HAVE_UNISTD_H 1
| #define HAVE_DLFCN_H 1
| #define LT_OBJDIR ".libs/"
| #define HAVE_DIRENT_H 1
| #define STDC_HEADERS 1
| #define HAVE_FCNTL_H 1
| #define HAVE_UNISTD_H 1
| #define HAVE_CTYPE_H 1
| #define HAVE_DIRENT_H 1
| #define HAVE_ERRNO_H 1
| #define HAVE_MALLOC_H 1
| #define HAVE_STDARG_H 1
| #define HAVE_SYS_STAT_H 1
| #define HAVE_SYS_TYPES_H 1
| #define HAVE_STDINT_H 1
| #define HAVE_INTTYPES_H 1
| #define HAVE_TIME_H 1
| #define HAVE_MATH_H 1
| #define HAVE_LIMITS_H 1
| #define HAVE_FLOAT_H 1
| #define HAVE_STDLIB_H 1
| #define HAVE_SYS_SOCKET_H 1
| #define HAVE_NETINET_IN_H 1
| #define HAVE_ARPA_INET_H 1
| #define HAVE_NETDB_H 1
| #define HAVE_SYS_TIME_H 1
| #define HAVE_SYS_SELECT_H 1
| #define HAVE_POLL_H 1
| #define HAVE_SYS_MMAN_H 1
| #define HAVE_SYS_TIMEB_H 1
| #define HAVE_SIGNAL_H 1
| #define HAVE_ARPA_NAMESER_H 1
| #define HAVE_RESOLV_H 1
| #define HAVE_DLFCN_H 1
| #define HAVE_STRFTIME 1
| #define HAVE_STRFTIME 1
| #define HAVE_LOCALTIME 1
| #define HAVE_GETTIMEOFDAY 1
| #define HAVE_FTIME 1
| #define HAVE_STAT 1
| #define HAVE_SIGNAL 1
| #define HAVE_RAND 1
| #define HAVE_RAND_R 1
| #define HAVE_SRAND 1
| #define HAVE_TIME 1
| #define HAVE_ISASCII 1
| #define HAVE_MMAP 1
| #define HAVE_MUNMAP 1
| #define HAVE_PUTENV 1
| #define HAVE_VA_COPY 1
| #define VA_LIST_IS_ARRAY 1
| #define XML_SOCKLEN_T socklen_t
| #define GETHOSTBYNAME_ARG_CAST /**/
| #define SEND_ARG2_CAST /**/
| #define SUPPORT_IP6 /**/
| #define HAVE_GETADDRINFO /**/
| #define HAVE_ISNAN /**/
| #define HAVE_ISINF /**/
| /* end confdefs.h.  */
| /* Define shl_load to an innocuous variant, in case <limits.h> declares shl_load.
|    For example, HP-UX 11i <limits.h> declares gettimeofday.  */
| #define shl_load innocuous_shl_load
| 
| /* System header to define __stub macros and hopefully few prototypes,
|     which can conflict with char shl_load (); below.
|     Prefer <limits.h> to <assert.h> if __STDC__ is defined, since
|     <limits.h> exists even on freestanding compilers.  */
| 
| #ifdef __STDC__
| # include <limits.h>
| #else
| # include <assert.h>
| #endif
| 
| #undef shl_load
| 
| /* Override any GCC internal prototype to avoid an error.
|    Use char because int might match the return type of a GCC
|    builtin and then its argument prototype would still apply.  */
| #ifdef __cplusplus
| extern "C"
| #endif
| char shl_load ();
| /* The GNU C library defines this for functions which it implements
|     to always fail with ENOSYS.  Some functions are actually named
|     something starting with __ and the normal name is an alias.  */
| #if defined __stub_shl_load || defined __stub___shl_load
| choke me
| #endif
| 
| int
| main ()
| {
| return shl_load ();
|   ;
|   return 0;
| }
configure:15137: result: no
configure:15142: checking for shl_load in -ldld
configure:15167: gcc -o conftest -m64 -Wno-deprecated-declarations -I/usr/local/include -m64 conftest.c -ldld  -lpython3.11 >&5
/bin/ld: cannot find -ldld
collect2: error: ld returned 1 exit status
configure:15167: $? = 1
configure: failed program was:
| /* confdefs.h */
| #define PACKAGE_NAME ""
| #define PACKAGE_TARNAME ""
| #define PACKAGE_VERSION ""
| #define PACKAGE_STRING ""
| #define PACKAGE_BUGREPORT ""
| #define PACKAGE_URL ""
| #define PACKAGE "libxml2"
| #define VERSION "2.9.9"
| #define STDC_HEADERS 1
| #define HAVE_SYS_TYPES_H 1
| #define HAVE_SYS_STAT_H 1
| #define HAVE_STDLIB_H 1
| #define HAVE_STRING_H 1
| #define HAVE_MEMORY_H 1
| #define HAVE_STRINGS_H 1
| #define HAVE_INTTYPES_H 1
| #define HAVE_STDINT_H 1
| #define HAVE_UNISTD_H 1
| #define HAVE_DLFCN_H 1
| #define LT_OBJDIR ".libs/"
| #define HAVE_DIRENT_H 1
| #define STDC_HEADERS 1
| #define HAVE_FCNTL_H 1
| #define HAVE_UNISTD_H 1
| #define HAVE_CTYPE_H 1
| #define HAVE_DIRENT_H 1
| #define HAVE_ERRNO_H 1
| #define HAVE_MALLOC_H 1
| #define HAVE_STDARG_H 1
| #define HAVE_SYS_STAT_H 1
| #define HAVE_SYS_TYPES_H 1
| #define HAVE_STDINT_H 1
| #define HAVE_INTTYPES_H 1
| #define HAVE_TIME_H 1
| #define HAVE_MATH_H 1
| #define HAVE_LIMITS_H 1
| #define HAVE_FLOAT_H 1
| #define HAVE_STDLIB_H 1
| #define HAVE_SYS_SOCKET_H 1
| #define HAVE_NETINET_IN_H 1
| #define HAVE_ARPA_INET_H 1
| #define HAVE_NETDB_H 1
| #define HAVE_SYS_TIME_H 1
| #define HAVE_SYS_SELECT_H 1
| #define HAVE_POLL_H 1
| #define HAVE_SYS_MMAN_H 1
| #define HAVE_SYS_TIMEB_H 1
| #define HAVE_SIGNAL_H 1
| #define HAVE_ARPA_NAMESER_H 1
| #define HAVE_RESOLV_H 1
| #define HAVE_DLFCN_H 1
| #define HAVE_STRFTIME 1
| #define HAVE_STRFTIME 1
| #define HAVE_LOCALTIME 1
| #define HAVE_GETTIMEOFDAY 1
| #define HAVE_FTIME 1
| #define HAVE_STAT 1
| #define HAVE_SIGNAL 1
| #define HAVE_RAND 1
| #define HAVE_RAND_R 1
| #define HAVE_SRAND 1
| #define HAVE_TIME 1
| #define HAVE_ISASCII 1
| #define HAVE_MMAP 1
| #define HAVE_MUNMAP 1
| #define HAVE_PUTENV 1
| #define HAVE_VA_COPY 1
| #define VA_LIST_IS_ARRAY 1
| #define XML_SOCKLEN_T socklen_t
| #define GETHOSTBYNAME_ARG_CAST /**/
| #define SEND_ARG2_CAST /**/
| #define SUPPORT_IP6 /**/
| #define HAVE_GETADDRINFO /**/
| #define HAVE_ISNAN /**/
| #define HAVE_ISINF /**/
| /* end confdefs.h.  */
| 
| /* Override any GCC internal prototype to avoid an error.
|    Use char because int might match the return type of a GCC
|    builtin and then its argument prototype would still apply.  */
| #ifdef __cplusplus
| extern "C"
| #endif
| char shl_load ();
| int
| main ()
| {
| return shl_load ();
|   ;
|   return 0;
| }
configure:15176: result: no
configure:15184: checking for dlopen
configure:15184: gcc -o conftest -m64 -Wno-deprecated-declarations -I/usr/local/include -m64 conftest.c -lpython3.11 >&5
/tmp/ccRhnKPQ.o: In function `main':
conftest.c:(.text+0xa): undefined reference to `dlopen'
collect2: error: ld returned 1 exit status
configure:15184: $? = 1
configure: failed program was:
| /* confdefs.h */
| #define PACKAGE_NAME ""
| #define PACKAGE_TARNAME ""
| #define PACKAGE_VERSION ""
| #define PACKAGE_STRING ""
| #define PACKAGE_BUGREPORT ""
| #define PACKAGE_URL ""
| #define PACKAGE "libxml2"
| #define VERSION "2.9.9"
| #define STDC_HEADERS 1
| #define HAVE_SYS_TYPES_H 1
| #define HAVE_SYS_STAT_H 1
| #define HAVE_STDLIB_H 1
| #define HAVE_STRING_H 1
| #define HAVE_MEMORY_H 1
| #define HAVE_STRINGS_H 1
| #define HAVE_INTTYPES_H 1
| #define HAVE_STDINT_H 1
| #define HAVE_UNISTD_H 1
| #define HAVE_DLFCN_H 1
| #define LT_OBJDIR ".libs/"
| #define HAVE_DIRENT_H 1
| #define STDC_HEADERS 1
| #define HAVE_FCNTL_H 1
| #define HAVE_UNISTD_H 1
| #define HAVE_CTYPE_H 1
| #define HAVE_DIRENT_H 1
| #define HAVE_ERRNO_H 1
| #define HAVE_MALLOC_H 1
| #define HAVE_STDARG_H 1
| #define HAVE_SYS_STAT_H 1
| #define HAVE_SYS_TYPES_H 1
| #define HAVE_STDINT_H 1
| #define HAVE_INTTYPES_H 1
| #define HAVE_TIME_H 1
| #define HAVE_MATH_H 1
| #define HAVE_LIMITS_H 1
| #define HAVE_FLOAT_H 1
| #define HAVE_STDLIB_H 1
| #define HAVE_SYS_SOCKET_H 1
| #define HAVE_NETINET_IN_H 1
| #define HAVE_ARPA_INET_H 1
| #define HAVE_NETDB_H 1
| #define HAVE_SYS_TIME_H 1
| #define HAVE_SYS_SELECT_H 1
| #define HAVE_POLL_H 1
| #define HAVE_SYS_MMAN_H 1
| #define HAVE_SYS_TIMEB_H 1
| #define HAVE_SIGNAL_H 1
| #define HAVE_ARPA_NAMESER_H 1
| #define HAVE_RESOLV_H 1
| #define HAVE_DLFCN_H 1
| #define HAVE_STRFTIME 1
| #define HAVE_STRFTIME 1
| #define HAVE_LOCALTIME 1
| #define HAVE_GETTIMEOFDAY 1
| #define HAVE_FTIME 1
| #define HAVE_STAT 1
| #define HAVE_SIGNAL 1
| #define HAVE_RAND 1
| #define HAVE_RAND_R 1
| #define HAVE_SRAND 1
| #define HAVE_TIME 1
| #define HAVE_ISASCII 1
| #define HAVE_MMAP 1
| #define HAVE_MUNMAP 1
| #define HAVE_PUTENV 1
| #define HAVE_VA_COPY 1
| #define VA_LIST_IS_ARRAY 1
| #define XML_SOCKLEN_T socklen_t
| #define GETHOSTBYNAME_ARG_CAST /**/
| #define SEND_ARG2_CAST /**/
| #define SUPPORT_IP6 /**/
| #define HAVE_GETADDRINFO /**/
| #define HAVE_ISNAN /**/
| #define HAVE_ISINF /**/
| /* end confdefs.h.  */
| /* Define dlopen to an innocuous variant, in case <limits.h> declares dlopen.
|    For example, HP-UX 11i <limits.h> declares gettimeofday.  */
| #define dlopen innocuous_dlopen
| 
| /* System header to define __stub macros and hopefully few prototypes,
|     which can conflict with char dlopen (); below.
|     Prefer <limits.h> to <assert.h> if __STDC__ is defined, since
|     <limits.h> exists even on freestanding compilers.  */
| 
| #ifdef __STDC__
| # include <limits.h>
| #else
| # include <assert.h>
| #endif
| 
| #undef dlopen
| 
| /* Override any GCC internal prototype to avoid an error.
|    Use char because int might match the return type of a GCC
|    builtin and then its argument prototype would still apply.  */
| #ifdef __cplusplus
| extern "C"
| #endif
| char dlopen ();
| /* The GNU C library defines this for functions which it implements
|     to always fail with ENOSYS.  Some functions are actually named
|     something starting with __ and the normal name is an alias.  */
| #if defined __stub_dlopen || defined __stub___dlopen
| choke me
| #endif
| 
| int
| main ()
| {
| return dlopen ();
|   ;
|   return 0;
| }
configure:15184: result: no
configure:15189: checking for dlopen in -ldl
configure:15214: gcc -o conftest -m64 -Wno-deprecated-declarations -I/usr/local/include -m64 conftest.c -ldl  -lpython3.11 >&5
configure:15214: $? = 0
configure:15223: result: yes
configure:15342: checking pthread.h usability
configure:15342: gcc -c -m64 -Wno-deprecated-declarations -I/usr/local/include conftest.c >&5
configure:15342: $? = 0
configure:15342: result: yes
configure:15342: checking pthread.h presence
configure:15342: gcc -E -I/usr/local/include conftest.c
configure:15342: $? = 0
configure:15342: result: yes
configure:15342: checking for pthread.h
configure:15342: result: yes
configure:15344: checking for pthread_join in -lpthread
configure:15369: gcc -o conftest -m64 -Wno-deprecated-declarations -I/usr/local/include -m64 conftest.c -lpthread  -lpython3.11 >&5
configure:15369: $? = 0
configure:15378: result: yes
configure:15456: checking for tputs in -lncurses
configure:15481: gcc -o conftest -m64 -Wno-deprecated-declarations -I/usr/local/include -m64 conftest.c -lncurses  -lpython3.11 >&5
configure:15481: $? = 0
configure:15491: result: yes
configure:15500: checking readline/history.h usability
configure:15500: gcc -c -m64 -Wno-deprecated-declarations -I/usr/local/include conftest.c >&5
configure:15500: $? = 0
configure:15500: result: yes
configure:15500: checking readline/history.h presence
configure:15500: gcc -E -I/usr/local/include conftest.c
configure:15500: $? = 0
configure:15500: result: yes
configure:15500: checking for readline/history.h
configure:15500: result: yes
configure:15502: checking for append_history in -lhistory
configure:15527: gcc -o conftest -m64 -Wno-deprecated-declarations -I/usr/local/include -m64 conftest.c -lhistory  -lpython3.11 >&5
configure:15527: $? = 0
configure:15536: result: yes
configure:15549: checking readline/readline.h usability
configure:15549: gcc -c -m64 -Wno-deprecated-declarations -I/usr/local/include conftest.c >&5
configure:15549: $? = 0
configure:15549: result: yes
configure:15549: checking readline/readline.h presence
configure:15549: gcc -E -I/usr/local/include conftest.c
configure:15549: $? = 0
configure:15549: result: yes
configure:15549: checking for readline/readline.h
configure:15549: result: yes
configure:15551: checking for readline in -lreadline
configure:15576: gcc -o conftest -m64 -Wno-deprecated-declarations -I/usr/local/include -m64 conftest.c -lreadline -lncurses -lpython3.11 >&5
configure:15576: $? = 0
configure:15585: result: yes
configure:15888: checking iconv.h usability
configure:15888: gcc -c -m64 -Wno-deprecated-declarations -I/usr/local/include conftest.c >&5
configure:15888: $? = 0
configure:15888: result: yes
configure:15888: checking iconv.h presence
configure:15888: gcc -E -I/usr/local/include conftest.c
configure:15888: $? = 0
configure:15888: result: yes
configure:15888: checking for iconv.h
configure:15888: result: yes
configure:15890: checking for iconv
configure:15906: gcc -o conftest -m64 -Wno-deprecated-declarations -I/usr/local/include -m64 conftest.c -lpython3.11 >&5
/tmp/ccV1lCfm.o: In function `main':
conftest.c:(.text+0x13): undefined reference to `libiconv_open'
conftest.c:(.text+0x38): undefined reference to `libiconv'
collect2: error: ld returned 1 exit status
configure:15906: $? = 1
configure: failed program was:
| /* confdefs.h */
| #define PACKAGE_NAME ""
| #define PACKAGE_TARNAME ""
| #define PACKAGE_VERSION ""
| #define PACKAGE_STRING ""
| #define PACKAGE_BUGREPORT ""
| #define PACKAGE_URL ""
| #define PACKAGE "libxml2"
| #define VERSION "2.9.9"
| #define STDC_HEADERS 1
| #define HAVE_SYS_TYPES_H 1
| #define HAVE_SYS_STAT_H 1
| #define HAVE_STDLIB_H 1
| #define HAVE_STRING_H 1
| #define HAVE_MEMORY_H 1
| #define HAVE_STRINGS_H 1
| #define HAVE_INTTYPES_H 1
| #define HAVE_STDINT_H 1
| #define HAVE_UNISTD_H 1
| #define HAVE_DLFCN_H 1
| #define LT_OBJDIR ".libs/"
| #define HAVE_DIRENT_H 1
| #define STDC_HEADERS 1
| #define HAVE_FCNTL_H 1
| #define HAVE_UNISTD_H 1
| #define HAVE_CTYPE_H 1
| #define HAVE_DIRENT_H 1
| #define HAVE_ERRNO_H 1
| #define HAVE_MALLOC_H 1
| #define HAVE_STDARG_H 1
| #define HAVE_SYS_STAT_H 1
| #define HAVE_SYS_TYPES_H 1
| #define HAVE_STDINT_H 1
| #define HAVE_INTTYPES_H 1
| #define HAVE_TIME_H 1
| #define HAVE_MATH_H 1
| #define HAVE_LIMITS_H 1
| #define HAVE_FLOAT_H 1
| #define HAVE_STDLIB_H 1
| #define HAVE_SYS_SOCKET_H 1
| #define HAVE_NETINET_IN_H 1
| #define HAVE_ARPA_INET_H 1
| #define HAVE_NETDB_H 1
| #define HAVE_SYS_TIME_H 1
| #define HAVE_SYS_SELECT_H 1
| #define HAVE_POLL_H 1
| #define HAVE_SYS_MMAN_H 1
| #define HAVE_SYS_TIMEB_H 1
| #define HAVE_SIGNAL_H 1
| #define HAVE_ARPA_NAMESER_H 1
| #define HAVE_RESOLV_H 1
| #define HAVE_DLFCN_H 1
| #define HAVE_STRFTIME 1
| #define HAVE_STRFTIME 1
| #define HAVE_LOCALTIME 1
| #define HAVE_GETTIMEOFDAY 1
| #define HAVE_FTIME 1
| #define HAVE_STAT 1
| #define HAVE_SIGNAL 1
| #define HAVE_RAND 1
| #define HAVE_RAND_R 1
| #define HAVE_SRAND 1
| #define HAVE_TIME 1
| #define HAVE_ISASCII 1
| #define HAVE_MMAP 1
| #define HAVE_MUNMAP 1
| #define HAVE_PUTENV 1
| #define HAVE_VA_COPY 1
| #define VA_LIST_IS_ARRAY 1
| #define XML_SOCKLEN_T socklen_t
| #define GETHOSTBYNAME_ARG_CAST /**/
| #define SEND_ARG2_CAST /**/
| #define SUPPORT_IP6 /**/
| #define HAVE_GETADDRINFO /**/
| #define HAVE_ISNAN /**/
| #define HAVE_ISINF /**/
| #define HAVE_DLOPEN /**/
| #define HAVE_LIBPTHREAD /**/
| #define HAVE_PTHREAD_H /**/
| #define HAVE_LIBHISTORY /**/
| #define HAVE_LIBREADLINE /**/
| /* end confdefs.h.  */
| #include <stdlib.h>
| #include <iconv.h>
| int
| main ()
| {
| 
| iconv_t cd = iconv_open ("","");
| iconv (cd, NULL, NULL, NULL, NULL);
|   ;
|   return 0;
| }
configure:15913: result: no
configure:15915: checking for iconv in -liconv
configure:15937: gcc -o conftest -m64 -Wno-deprecated-declarations -I/usr/local/include -m64  conftest.c -lpython3.11 -liconv >&5
configure:15937: $? = 0
configure:15939: result: yes
configure:15962: checking for iconv declaration
configure:15990: gcc -c -m64 -Wno-deprecated-declarations -I/usr/local/include conftest.c >&5
configure:15990: $? = 0
configure:16001: result: 
	extern size_t iconv (iconv_t cd,  char * *inbuf, size_t *inbytesleft, char * *outbuf, size_t *outbytesleft);
configure:16302: checking for printf
configure:16302: gcc -o conftest -m64 -Wno-deprecated-declarations -I/usr/local/include -m64 conftest.c -lpython3.11 >&5
conftest.c:107:6: warning: conflicting types for built-in function 'printf' [-Wbuiltin-declaration-mismatch]
 char printf ();
      ^~~~~~
configure:16302: $? = 0
configure:16302: result: yes
configure:16302: checking for sprintf
configure:16302: gcc -o conftest -m64 -Wno-deprecated-declarations -I/usr/local/include -m64 conftest.c -lpython3.11 >&5
conftest.c:108:6: warning: conflicting types for built-in function 'sprintf' [-Wbuiltin-declaration-mismatch]
 char sprintf ();
      ^~~~~~~
configure:16302: $? = 0
configure:16302: result: yes
configure:16302: checking for fprintf
configure:16302: gcc -o conftest -m64 -Wno-deprecated-declarations -I/usr/local/include -m64 conftest.c -lpython3.11 >&5
conftest.c:109:6: warning: conflicting types for built-in function 'fprintf' [-Wbuiltin-declaration-mismatch]
 char fprintf ();
      ^~~~~~~
configure:16302: $? = 0
configure:16302: result: yes
configure:16302: checking for snprintf
configure:16302: gcc -o conftest -m64 -Wno-deprecated-declarations -I/usr/local/include -m64 conftest.c -lpython3.11 >&5
conftest.c:110:6: warning: conflicting types for built-in function 'snprintf' [-Wbuiltin-declaration-mismatch]
 char snprintf ();
      ^~~~~~~~
configure:16302: $? = 0
configure:16302: result: yes
configure:16302: checking for vfprintf
configure:16302: gcc -o conftest -m64 -Wno-deprecated-declarations -I/usr/local/include -m64 conftest.c -lpython3.11 >&5
conftest.c:111:6: warning: conflicting types for built-in function 'vfprintf' [-Wbuiltin-declaration-mismatch]
 char vfprintf ();
      ^~~~~~~~
configure:16302: $? = 0
configure:16302: result: yes
configure:16302: checking for vsprintf
configure:16302: gcc -o conftest -m64 -Wno-deprecated-declarations -I/usr/local/include -m64 conftest.c -lpython3.11 >&5
conftest.c:112:6: warning: conflicting types for built-in function 'vsprintf' [-Wbuiltin-declaration-mismatch]
 char vsprintf ();
      ^~~~~~~~
configure:16302: $? = 0
configure:16302: result: yes
configure:16302: checking for vsnprintf
configure:16302: gcc -o conftest -m64 -Wno-deprecated-declarations -I/usr/local/include -m64 conftest.c -lpython3.11 >&5
conftest.c:113:6: warning: conflicting types for built-in function 'vsnprintf' [-Wbuiltin-declaration-mismatch]
 char vsnprintf ();
      ^~~~~~~~~
configure:16302: $? = 0
configure:16302: result: yes
configure:16302: checking for sscanf
configure:16302: gcc -o conftest -m64 -Wno-deprecated-declarations -I/usr/local/include -m64 conftest.c -lpython3.11 >&5
conftest.c:114:6: warning: conflicting types for built-in function 'sscanf' [-Wbuiltin-declaration-mismatch]
 char sscanf ();
      ^~~~~~
configure:16302: $? = 0
configure:16302: result: yes
configure:16472: checking that generated files are newer than configure
configure:16478: result: done
configure:16525: creating ./config.status

## ---------------------- ##
## Running config.status. ##
## ---------------------- ##

This file was extended by config.status, which was
generated by GNU Autoconf 2.69.  Invocation command line was

  CONFIG_FILES    = 
  CONFIG_HEADERS  = 
  CONFIG_LINKS    = 
  CONFIG_COMMANDS = 
  $ ./config.status 

on localhost.localdomain

config.status:1301: creating libxml2.spec
config.status:1301: creating Makefile
config.status:1301: creating include/Makefile
config.status:1301: creating include/libxml/Makefile
config.status:1301: creating doc/Makefile
config.status:1301: creating doc/examples/Makefile
config.status:1301: creating doc/devhelp/Makefile
config.status:1301: creating example/Makefile
config.status:1301: creating python/Makefile
config.status:1301: creating python/tests/Makefile
config.status:1301: creating xstc/Makefile
config.status:1301: creating include/libxml/xmlversion.h
config.status:1301: creating libxml-2.0.pc
config.status:1301: creating libxml-2.0-uninstalled.pc
config.status:1301: creating libxml2-config.cmake
config.status:1301: creating python/setup.py
config.status:1301: creating xml2-config
config.status:1301: creating config.h
config.status:1482: config.h is unchanged
config.status:1530: executing depfiles commands
config.status:1530: executing libtool commands

## ---------------- ##
## Cache variables. ##
## ---------------- ##

ac_cv_build=x86_64-unknown-linux-gnu
ac_cv_c_compiler_gnu=yes
ac_cv_c_uint32_t=yes
ac_cv_env_CC_set=
ac_cv_env_CC_value=
ac_cv_env_CFLAGS_set=set
ac_cv_env_CFLAGS_value='-m64 -Wno-deprecated-declarations'
ac_cv_env_CPPFLAGS_set=set
ac_cv_env_CPPFLAGS_value=-I/usr/local/include
ac_cv_env_CPP_set=
ac_cv_env_CPP_value=
ac_cv_env_ICU_CFLAGS_set=
ac_cv_env_ICU_CFLAGS_value=
ac_cv_env_ICU_LIBS_set=
ac_cv_env_ICU_LIBS_value=
ac_cv_env_LDFLAGS_set=set
ac_cv_env_LDFLAGS_value=-m64
ac_cv_env_LIBS_set=set
ac_cv_env_LIBS_value=-lpython3.11
ac_cv_env_LT_SYS_LIBRARY_PATH_set=
ac_cv_env_LT_SYS_LIBRARY_PATH_value=
ac_cv_env_LZMA_CFLAGS_set=
ac_cv_env_LZMA_CFLAGS_value=
ac_cv_env_LZMA_LIBS_set=
ac_cv_env_LZMA_LIBS_value=
ac_cv_env_PKG_CONFIG_LIBDIR_set=
ac_cv_env_PKG_CONFIG_LIBDIR_value=
ac_cv_env_PKG_CONFIG_PATH_set=
ac_cv_env_PKG_CONFIG_PATH_value=
ac_cv_env_PKG_CONFIG_set=
ac_cv_env_PKG_CONFIG_value=
ac_cv_env_Z_CFLAGS_set=
ac_cv_env_Z_CFLAGS_value=
ac_cv_env_Z_LIBS_set=
ac_cv_env_Z_LIBS_value=
ac_cv_env_build_alias_set=
ac_cv_env_build_alias_value=
ac_cv_env_host_alias_set=
ac_cv_env_host_alias_value=
ac_cv_env_target_alias_set=
ac_cv_env_target_alias_value=
ac_cv_func_dlopen=no
ac_cv_func_fprintf=yes
ac_cv_func_ftime=yes
ac_cv_func_getaddrinfo=yes
ac_cv_func_gettimeofday=yes
ac_cv_func_isascii=yes
ac_cv_func_isinf=yes
ac_cv_func_isnan=yes
ac_cv_func_localtime=yes
ac_cv_func_mmap=yes
ac_cv_func_munmap=yes
ac_cv_func_printf=yes
ac_cv_func_putenv=yes
ac_cv_func_rand=yes
ac_cv_func_rand_r=yes
ac_cv_func_shl_load=no
ac_cv_func_signal=yes
ac_cv_func_snprintf=yes
ac_cv_func_sprintf=yes
ac_cv_func_srand=yes
ac_cv_func_sscanf=yes
ac_cv_func_stat=yes
ac_cv_func_strftime=yes
ac_cv_func_time=yes
ac_cv_func_vfprintf=yes
ac_cv_func_vsnprintf=yes
ac_cv_func_vsprintf=yes
ac_cv_header_arpa_inet_h=yes
ac_cv_header_arpa_nameser_h=yes
ac_cv_header_ctype_h=yes
ac_cv_header_dirent_dirent_h=yes
ac_cv_header_dirent_h=yes
ac_cv_header_dl_h=no
ac_cv_header_dlfcn_h=yes
ac_cv_header_errno_h=yes
ac_cv_header_fcntl_h=yes
ac_cv_header_float_h=yes
ac_cv_header_iconv_h=yes
ac_cv_header_inttypes_h=yes
ac_cv_header_limits_h=yes
ac_cv_header_malloc_h=yes
ac_cv_header_math_h=yes
ac_cv_header_memory_h=yes
ac_cv_header_netdb_h=yes
ac_cv_header_netinet_in_h=yes
ac_cv_header_poll_h=yes
ac_cv_header_pthread_h=yes
ac_cv_header_readline_history_h=yes
ac_cv_header_readline_readline_h=yes
ac_cv_header_resolv_h=yes
ac_cv_header_signal_h=yes
ac_cv_header_stdarg_h=yes
ac_cv_header_stdc=yes
ac_cv_header_stdint_h=yes
ac_cv_header_stdlib_h=yes
ac_cv_header_string_h=yes
ac_cv_header_strings_h=yes
ac_cv_header_sys_mman_h=yes
ac_cv_header_sys_select_h=yes
ac_cv_header_sys_socket_h=yes
ac_cv_header_sys_stat_h=yes
ac_cv_header_sys_time_h=yes
ac_cv_header_sys_timeb_h=yes
ac_cv_header_sys_types_h=yes
ac_cv_header_time_h=yes
ac_cv_header_unistd_h=yes
ac_cv_host=x86_64-unknown-linux-gnu
ac_cv_lib_dl_dlopen=yes
ac_cv_lib_dld_shl_load=no
ac_cv_lib_history_append_history=yes
ac_cv_lib_ncurses___tputs=yes
ac_cv_lib_pthread_pthread_join=yes
ac_cv_lib_readline_readline=yes
ac_cv_objext=o
ac_cv_path_EGREP='/bin/grep -E'
ac_cv_path_FGREP='/bin/grep -F'
ac_cv_path_GREP=/bin/grep
ac_cv_path_MV=/bin/mv
ac_cv_path_PERL=/bin/perl
ac_cv_path_SED=/bin/sed
ac_cv_path_TAR=/bin/tar
ac_cv_path_WGET=/bin/wget
ac_cv_path_XMLLINT=/bin/xmllint
ac_cv_path_XSLTPROC=/bin/xsltproc
ac_cv_path_ac_pt_PKG_CONFIG=/bin/pkg-config
ac_cv_path_install='/bin/install -c'
ac_cv_path_lt_DD=/bin/dd
ac_cv_path_mkdir=/bin/mkdir
ac_cv_prog_AWK=gawk
ac_cv_prog_CPP='gcc -E'
ac_cv_prog_ac_ct_AR=ar
ac_cv_prog_ac_ct_CC=gcc
ac_cv_prog_ac_ct_OBJDUMP=objdump
ac_cv_prog_ac_ct_RANLIB=ranlib
ac_cv_prog_ac_ct_STRIP=strip
ac_cv_prog_cc_c89=
ac_cv_prog_cc_g=yes
ac_cv_prog_make_make_set=yes
ac_cv_search_connect='none required'
ac_cv_search_gethostent='none required'
ac_cv_search_opendir='none required'
ac_cv_search_setsockopt='none required'
am_cv_CC_dependencies_compiler_type=gcc3
am_cv_make_support_nested_variables=yes
lt_cv_ar_at_file=@
lt_cv_archive_cmds_need_lc=no
lt_cv_deplibs_check_method=pass_all
lt_cv_file_magic_cmd='$MAGIC_CMD'
lt_cv_file_magic_test_file=
lt_cv_ld_reload_flag=-r
lt_cv_nm_interface='BSD nm'
lt_cv_objdir=.libs
lt_cv_path_LD=/bin/ld
lt_cv_path_NM='/bin/nm -B'
lt_cv_path_mainfest_tool=no
lt_cv_prog_compiler_c_o=yes
lt_cv_prog_compiler_pic='-fPIC -DPIC'
lt_cv_prog_compiler_pic_works=yes
lt_cv_prog_compiler_rtti_exceptions=no
lt_cv_prog_compiler_static_works=no
lt_cv_prog_gnu_ld=yes
lt_cv_sharedlib_from_linklib_cmd='printf %s\n'
lt_cv_shlibpath_overrides_runpath=no
lt_cv_sys_global_symbol_pipe='sed -n -e '\''s/^.*[	 ]\([ABCDGIRSTW][ABCDGIRSTW]*\)[	 ][	 ]*\([_A-Za-z][_A-Za-z0-9]*\)$/\1 \2 \2/p'\'' | sed '\''/ __gnu_lto/d'\'''
lt_cv_sys_global_symbol_to_c_name_address='sed -n -e '\''s/^: \(.*\) .*$/  {"\1", (void *) 0},/p'\'' -e '\''s/^[ABCDGIRSTW][ABCDGIRSTW]* .* \(.*\)$/  {"\1", (void *) \&\1},/p'\'''
lt_cv_sys_global_symbol_to_c_name_address_lib_prefix='sed -n -e '\''s/^: \(.*\) .*$/  {"\1", (void *) 0},/p'\'' -e '\''s/^[ABCDGIRSTW][ABCDGIRSTW]* .* \(lib.*\)$/  {"\1", (void *) \&\1},/p'\'' -e '\''s/^[ABCDGIRSTW][ABCDGIRSTW]* .* \(.*\)$/  {"lib\1", (void *) \&\1},/p'\'''
lt_cv_sys_global_symbol_to_cdecl='sed -n -e '\''s/^T .* \(.*\)$/extern int \1();/p'\'' -e '\''s/^[ABCDGIRSTW][ABCDGIRSTW]* .* \(.*\)$/extern char \1;/p'\'''
lt_cv_sys_global_symbol_to_import=
lt_cv_sys_max_cmd_len=1572864
lt_cv_to_host_file_cmd=func_convert_file_noop
lt_cv_to_tool_file_cmd=func_convert_file_noop
lt_cv_truncate_bin='/bin/dd bs=4096 count=1'
pkg_cv_LZMA_CFLAGS=' '
pkg_cv_LZMA_LIBS='-llzma  '
pkg_cv_Z_CFLAGS=' '
pkg_cv_Z_LIBS='-L/usr/ib64 -lz  '
xml_cv_iconv_arg2=
xml_cv_iconv_decl='extern size_t iconv (iconv_t cd,  char * *inbuf, size_t *inbytesleft, char * *outbuf, size_t *outbytesleft);'

## ----------------- ##
## Output variables. ##
## ----------------- ##

ACLOCAL='${SHELL} /root/rpm/libxml2-2.9.9/missing aclocal-1.13'
AMDEPBACKSLASH='\'
AMDEP_FALSE='#'
AMDEP_TRUE=''
AMTAR='$${TAR-tar}'
AM_BACKSLASH='\'
AM_DEFAULT_V='$(AM_DEFAULT_VERBOSITY)'
AM_DEFAULT_VERBOSITY='0'
AM_V='$(V)'
AR='ar'
AUTOCONF='${SHELL} /root/rpm/libxml2-2.9.9/missing autoconf'
AUTOHEADER='${SHELL} /root/rpm/libxml2-2.9.9/missing autoheader'
AUTOMAKE='${SHELL} /root/rpm/libxml2-2.9.9/missing automake-1.13'
AWK='gawk'
BASE_THREAD_LIBS='-lpthread'
C14N_OBJ='c14n.c'
CATALOG_OBJ='catalog.o'
CC='gcc'
CCDEPMODE='depmode=gcc3'
CFLAGS='-m64 -Wno-deprecated-declarations'
CPP='gcc -E'
CPPFLAGS='-I/usr/local/include'
CYGPATH_W='echo'
CYGWIN_EXTRA_LDFLAGS=''
CYGWIN_EXTRA_PYTHON_LIBADD=''
DEBUG_OBJ='debugXML.o'
DEFS='-DHAVE_CONFIG_H'
DEPDIR='.deps'
DLLTOOL='false'
DOCB_OBJ='DOCBparser.o'
DSYMUTIL=''
DUMPBIN=''
ECHO_C=''
ECHO_N='-n'
ECHO_T=''
EGREP='/bin/grep -E'
EXEEXT=''
EXTRA_CFLAGS=' -pedantic -Wall -Wextra -Wshadow -Wpointer-arith -Wcast-align -Wwrite-strings -Waggregate-return -Wstrict-prototypes -Wmissing-prototypes -Wnested-externs -Winline -Wredundant-decls -Wno-long-long -Wno-format-extra-args -Wno-array-bounds'
FGREP='/bin/grep -F'
FTP_OBJ='nanoftp.o'
GREP='/bin/grep'
HAVE_ISINF=''
HAVE_ISNAN=''
HTML_DIR='$(datadir)/doc/$(PACKAGE)-$(VERSION)/html'
HTML_OBJ='HTMLparser.o HTMLtree.o'
HTTP_OBJ='nanohttp.o'
ICONV_LIBS=' -liconv'
ICU_CFLAGS=''
ICU_LIBS=''
INSTALL_DATA='${INSTALL} -m 644'
INSTALL_PROGRAM='${INSTALL}'
INSTALL_SCRIPT='${INSTALL}'
INSTALL_STRIP_PROGRAM='$(install_sh) -c -s'
LD='/bin/ld -m elf_x86_64'
LDFLAGS='-m64'
LIBOBJS=''
LIBS='-lpython3.11'
LIBTOOL='$(SHELL) $(top_builddir)/libtool'
LIBXML_MAJOR_VERSION='2'
LIBXML_MICRO_VERSION='9'
LIBXML_MINOR_VERSION='9'
LIBXML_VERSION='2.9.9'
LIBXML_VERSION_EXTRA=''
LIBXML_VERSION_INFO='11:9:9'
LIBXML_VERSION_NUMBER='20909'
LIPO=''
LN_S='ln -s'
LTLIBOBJS=''
LT_SYS_LIBRARY_PATH=''
LZMA_CFLAGS=' '
LZMA_LIBS='-llzma  '
MAINT=''
MAINTAINER_MODE_FALSE='#'
MAINTAINER_MODE_TRUE=''
MAKEINFO='${SHELL} /root/rpm/libxml2-2.9.9/missing makeinfo'
MANIFEST_TOOL=':'
MKDIR_P='/bin/mkdir -p'
MODULE_EXTENSION='.so'
MODULE_PLATFORM_LIBS='-ldl'
MV='/bin/mv'
M_LIBS='-lm'
NM='/bin/nm -B'
NMEDIT=''
OBJDUMP='objdump'
OBJEXT='o'
OTOOL64=''
OTOOL=''
PACKAGE='libxml2'
PACKAGE_BUGREPORT=''
PACKAGE_NAME=''
PACKAGE_STRING=''
PACKAGE_TARNAME=''
PACKAGE_URL=''
PACKAGE_VERSION=''
PATH_SEPARATOR=':'
PERL='/bin/perl'
PKG_CONFIG='/bin/pkg-config'
PKG_CONFIG_LIBDIR=''
PKG_CONFIG_PATH=''
PYTHON='/usr/local/bin/python3'
PYTHON_INCLUDES='/usr/local/include/python3.11'
PYTHON_LIBS='-L/usr/local/lib/python3.11/config-3.11-x86_64-linux-gnu -L/usr/local/lib  -lpthread -ldl  -lutil -lm '
PYTHON_SITE_PACKAGES='/usr/local'
PYTHON_SUBDIR='python'
PYTHON_TESTS=' RelaxNGPythonTests SchemasPythonTests'
PYTHON_VERSION='3.11'
RANLIB='ranlib'
RDL_LIBS='-lreadline -lhistory -lncurses'
READER_TEST='Readertests'
REBUILD_DOCS_FALSE=''
REBUILD_DOCS_TRUE='#'
RELDATE='Wed Dec 21 2022'
SED='/bin/sed'
SET_MAKE=''
SHELL='/bin/sh'
STATIC_BINARIES=''
STRIP='strip'
TAR='/bin/tar'
TEST_C14N='C14Ntests'
TEST_CATALOG='Catatests'
TEST_DEBUG='Scripttests'
TEST_HTML='HTMLtests'
TEST_MODULES='ModuleTests'
TEST_PATTERN='Patterntests'
TEST_PHTML='HTMLPushtests'
TEST_PUSH='XMLPushtests'
TEST_REGEXPS='Regexptests Automatatests'
TEST_SAX='SAXtests'
TEST_SCHEMAS='Schemastests Relaxtests'
TEST_SCHEMATRON='Schematrontests'
TEST_THREADS='Threadtests'
TEST_VALID='Validtests'
TEST_VTIME='VTimingtests'
TEST_XINCLUDE='XIncludetests'
TEST_XPATH='XPathtests'
TEST_XPTR='XPtrtests'
THREADS_W32_FALSE=''
THREADS_W32_TRUE='#'
THREAD_CFLAGS=' -D_REENTRANT'
THREAD_LIBS=''
USE_VERSION_SCRIPT_FALSE='#'
USE_VERSION_SCRIPT_TRUE=''
VERSION='2.9.9'
VERSION_SCRIPT_FLAGS='-Wl,--version-script='
WGET='/bin/wget'
WIN32_EXTRA_LDFLAGS=''
WIN32_EXTRA_LIBADD=''
WIN32_EXTRA_PYTHON_LIBADD=''
WITH_C14N='1'
WITH_CATALOG='1'
WITH_DEBUG='1'
WITH_DOCB='1'
WITH_FTP='1'
WITH_HTML='1'
WITH_HTTP='1'
WITH_ICONV='1'
WITH_ICU='0'
WITH_ISO8859X='1'
WITH_LEGACY='1'
WITH_LZMA='1'
WITH_MEM_DEBUG='0'
WITH_MODULES='1'
WITH_OUTPUT='1'
WITH_PATTERN='1'
WITH_PUSH='1'
WITH_PYTHON_FALSE='#'
WITH_PYTHON_TRUE=''
WITH_READER='1'
WITH_REGEXPS='1'
WITH_RUN_DEBUG='0'
WITH_SAX1='1'
WITH_SAX1_SOURCES_FALSE=''
WITH_SAX1_SOURCES_TRUE='#'
WITH_SCHEMAS='1'
WITH_SCHEMATRON='1'
WITH_THREADS='1'
WITH_THREAD_ALLOC='0'
WITH_TREE='1'
WITH_TRIO='0'
WITH_TRIO_SOURCES_FALSE=''
WITH_TRIO_SOURCES_TRUE='#'
WITH_VALID='1'
WITH_WRITER='1'
WITH_XINCLUDE='1'
WITH_XPATH='1'
WITH_XPTR='1'
WITH_ZLIB='1'
XINCLUDE_OBJ='xinclude.o'
XMLLINT='/bin/xmllint'
XML_CFLAGS=''
XML_INCLUDEDIR='-I${includedir}/libxml2'
XML_LIBDIR='-L${libdir}'
XML_LIBS='-lxml2 -L/usr/ib64 -lz   -llzma     -liconv  -lm -lpython3.11'
XML_LIBTOOLLIBS='libxml2.la'
XPATH_OBJ='xpath.o'
XPTR_OBJ='xpointer.o'
XSLTPROC='/bin/xsltproc'
Z_CFLAGS=' '
Z_LIBS='-L/usr/ib64 -lz  '
ac_ct_AR='ar'
ac_ct_CC='gcc'
ac_ct_DUMPBIN=''
am__EXEEXT_FALSE=''
am__EXEEXT_TRUE='#'
am__fastdepCC_FALSE='#'
am__fastdepCC_TRUE=''
am__include='include'
am__isrc=''
am__leading_dot='.'
am__nodep='_no'
am__quote=''
am__tar='$${TAR-tar} chof - "$$tardir"'
am__untar='$${TAR-tar} xf -'
bindir='${exec_prefix}/bin'
build='x86_64-unknown-linux-gnu'
build_alias=''
build_cpu='x86_64'
build_os='linux-gnu'
build_vendor='unknown'
datadir='${datarootdir}'
datarootdir='${prefix}/share'
docdir='${datarootdir}/doc/${PACKAGE}'
dvidir='${docdir}'
exec_prefix='${prefix}'
host='x86_64-unknown-linux-gnu'
host_alias=''
host_cpu='x86_64'
host_os='linux-gnu'
host_vendor='unknown'
htmldir='${docdir}'
includedir='${prefix}/include'
infodir='${datarootdir}/info'
install_sh='${SHELL} /root/rpm/libxml2-2.9.9/install-sh'
libdir='/usr/lib64'
libexecdir='${exec_prefix}/libexec'
localedir='${datarootdir}/locale'
localstatedir='${prefix}/var'
mandir='${datarootdir}/man'
mkdir_p='$(MKDIR_P)'
oldincludedir='/usr/include'
pdfdir='${docdir}'
prefix='/usr'
program_transform_name='s,x,x,'
psdir='${docdir}'
pythondir='$(PYTHON_SITE_PACKAGES)'
sbindir='${exec_prefix}/sbin'
sharedstatedir='${prefix}/com'
sysconfdir='${prefix}/etc'
target_alias=''

## ----------- ##
## confdefs.h. ##
## ----------- ##

/* confdefs.h */
#define PACKAGE_NAME ""
#define PACKAGE_TARNAME ""
#define PACKAGE_VERSION ""
#define PACKAGE_STRING ""
#define PACKAGE_BUGREPORT ""
#define PACKAGE_URL ""
#define PACKAGE "libxml2"
#define VERSION "2.9.9"
#define STDC_HEADERS 1
#define HAVE_SYS_TYPES_H 1
#define HAVE_SYS_STAT_H 1
#define HAVE_STDLIB_H 1
#define HAVE_STRING_H 1
#define HAVE_MEMORY_H 1
#define HAVE_STRINGS_H 1
#define HAVE_INTTYPES_H 1
#define HAVE_STDINT_H 1
#define HAVE_UNISTD_H 1
#define HAVE_DLFCN_H 1
#define LT_OBJDIR ".libs/"
#define HAVE_DIRENT_H 1
#define STDC_HEADERS 1
#define HAVE_FCNTL_H 1
#define HAVE_UNISTD_H 1
#define HAVE_CTYPE_H 1
#define HAVE_DIRENT_H 1
#define HAVE_ERRNO_H 1
#define HAVE_MALLOC_H 1
#define HAVE_STDARG_H 1
#define HAVE_SYS_STAT_H 1
#define HAVE_SYS_TYPES_H 1
#define HAVE_STDINT_H 1
#define HAVE_INTTYPES_H 1
#define HAVE_TIME_H 1
#define HAVE_MATH_H 1
#define HAVE_LIMITS_H 1
#define HAVE_FLOAT_H 1
#define HAVE_STDLIB_H 1
#define HAVE_SYS_SOCKET_H 1
#define HAVE_NETINET_IN_H 1
#define HAVE_ARPA_INET_H 1
#define HAVE_NETDB_H 1
#define HAVE_SYS_TIME_H 1
#define HAVE_SYS_SELECT_H 1
#define HAVE_POLL_H 1
#define HAVE_SYS_MMAN_H 1
#define HAVE_SYS_TIMEB_H 1
#define HAVE_SIGNAL_H 1
#define HAVE_ARPA_NAMESER_H 1
#define HAVE_RESOLV_H 1
#define HAVE_DLFCN_H 1
#define HAVE_STRFTIME 1
#define HAVE_STRFTIME 1
#define HAVE_LOCALTIME 1
#define HAVE_GETTIMEOFDAY 1
#define HAVE_FTIME 1
#define HAVE_STAT 1
#define HAVE_SIGNAL 1
#define HAVE_RAND 1
#define HAVE_RAND_R 1
#define HAVE_SRAND 1
#define HAVE_TIME 1
#define HAVE_ISASCII 1
#define HAVE_MMAP 1
#define HAVE_MUNMAP 1
#define HAVE_PUTENV 1
#define HAVE_VA_COPY 1
#define VA_LIST_IS_ARRAY 1
#define XML_SOCKLEN_T socklen_t
#define GETHOSTBYNAME_ARG_CAST /**/
#define SEND_ARG2_CAST /**/
#define SUPPORT_IP6 /**/
#define HAVE_GETADDRINFO /**/
#define HAVE_ISNAN /**/
#define HAVE_ISINF /**/
#define HAVE_DLOPEN /**/
#define HAVE_LIBPTHREAD /**/
#define HAVE_PTHREAD_H /**/
#define HAVE_LIBHISTORY /**/
#define HAVE_LIBREADLINE /**/
#define ICONV_CONST 
#define HAVE_PRINTF 1
#define HAVE_SPRINTF 1
#define HAVE_FPRINTF 1
#define HAVE_SNPRINTF 1
#define HAVE_VFPRINTF 1
#define HAVE_VSPRINTF 1
#define HAVE_VSNPRINTF 1
#define HAVE_SSCANF 1

configure: exit 0
